<html>
<body>
<pre>
<h1>Vision Build Log</h1>
<h2>Project:</h2>
D:\我的程序\小车\zhuanquandeng.uvproj
Project File Date:  01/07/2023

<h2>Output:</h2>
Build target '目标 1'
assembling STARTUP.A51...
compiling zhuanquandeng.c...
ZHUANQUANDENG.C(28): error C242: 'array[]': too many initializers
ZHUANQUANDENG.C(54): error C202: 'i': undefined identifier
ZHUANQUANDENG.C(96): error C237: 'Timer0Init': function already has a body
ZHUANQUANDENG.C(104): error C141: syntax error near 'void'
目标未创建
Build target '目标 1'
assembling STARTUP.A51...
compiling zhuanquandeng.c...
ZHUANQUANDENG.C(28): error C242: 'array[]': too many initializers
ZHUANQUANDENG.C(54): error C202: 'i': undefined identifier
ZHUANQUANDENG.C(96): error C237: 'Timer0Init': function already has a body
ZHUANQUANDENG.C(104): error C141: syntax error near 'void'
目标未创建
Build target '目标 1'
assembling STARTUP.A51...
compiling zhuanquandeng.c...
ZHUANQUANDENG.C(46): error C202: 'i': undefined identifier
ZHUANQUANDENG.C(82): error C237: 'Timer0Init': function already has a body
ZHUANQUANDENG.C(90): error C141: syntax error near 'void'
目标未创建
Build target '目标 1'
assembling STARTUP.A51...
compiling zhuanquandeng.c...
ZHUANQUANDENG.C(9): error C141: syntax error near '['
ZHUANQUANDENG.C(46): error C202: 'i': undefined identifier
ZHUANQUANDENG.C(82): error C237: 'Timer0Init': function already has a body
ZHUANQUANDENG.C(90): error C141: syntax error near 'void'
目标未创建
Build target '目标 1'
assembling STARTUP.A51...
compiling zhuanquandeng.c...
ZHUANQUANDENG.C(9): error C141: syntax error near '['
ZHUANQUANDENG.C(46): error C202: 'i': undefined identifier
ZHUANQUANDENG.C(82): error C237: 'Timer0Init': function already has a body
ZHUANQUANDENG.C(90): error C141: syntax error near 'void'
目标未创建
Build target '目标 1'
assembling STARTUP.A51...
compiling zhuanquandeng.c...
ZHUANQUANDENG.C(9): error C141: syntax error near '['
ZHUANQUANDENG.C(46): error C202: 'i': undefined identifier
ZHUANQUANDENG.C(82): error C237: 'Timer0Init': function already has a body
ZHUANQUANDENG.C(90): error C141: syntax error near 'void'
目标未创建
Build target '目标 1'
assembling STARTUP.A51...
compiling zhuanquandeng.c...
ZHUANQUANDENG.C(10): error C141: syntax error near '['
ZHUANQUANDENG.C(83): error C237: 'Timer0Init': function already has a body
ZHUANQUANDENG.C(91): error C141: syntax error near 'void'
目标未创建
Build target '目标 1'
assembling STARTUP.A51...
compiling zhuanquandeng.c...
ZHUANQUANDENG.C(9): error C129: missing ';' before 'unsigned'
目标未创建
Build target '目标 1'
assembling STARTUP.A51...
compiling zhuanquandeng.c...
ZHUANQUANDENG.C(9): error C129: missing ';' before 'unsigned'
目标未创建
Build target '目标 1'
assembling STARTUP.A51...
compiling zhuanquandeng.c...
ZHUANQUANDENG.C(9): error C141: syntax error near '['
ZHUANQUANDENG.C(82): error C237: 'Timer0Init': function already has a body
ZHUANQUANDENG.C(90): error C141: syntax error near 'void'
目标未创建
Build target '目标 1'
assembling STARTUP.A51...
compiling zhuanquandeng.c...
ZHUANQUANDENG.C(9): error C141: syntax error near 'unsigned'
ZHUANQUANDENG.C(32): error C141: syntax error near '{'
ZHUANQUANDENG.C(34): error C231: 'i': redefinition
ZHUANQUANDENG.C(36): error C231: 'i': redefinition
ZHUANQUANDENG.C(37): error C231: 'j': redefinition
ZHUANQUANDENG.C(38): error C141: syntax error near 'do'
ZHUANQUANDENG.C(40): error C141: syntax error near '--'
ZHUANQUANDENG.C(40): error C129: missing ';' before ')'
目标未创建
Build target '目标 1'
assembling STARTUP.A51...
compiling zhuanquandeng.c...
ZHUANQUANDENG.C(9): error C141: syntax error near 'unsigned'
ZHUANQUANDENG.C(32): error C141: syntax error near '{'
ZHUANQUANDENG.C(37): error C231: 'j': redefinition
ZHUANQUANDENG.C(38): error C141: syntax error near 'do'
ZHUANQUANDENG.C(40): error C141: syntax error near '--'
ZHUANQUANDENG.C(40): error C129: missing ';' before ')'
目标未创建
Build target '目标 1'
assembling STARTUP.A51...
compiling zhuanquandeng.c...
ZHUANQUANDENG.C(9): error C141: syntax error near '['
ZHUANQUANDENG.C(82): error C237: 'Timer0Init': function already has a body
ZHUANQUANDENG.C(90): error C141: syntax error near 'void'
目标未创建
Build target '目标 1'
assembling STARTUP.A51...
compiling zhuanquandeng.c...
ZHUANQUANDENG.C(9): error C141: syntax error near '['
ZHUANQUANDENG.C(82): error C237: 'Timer0Init': function already has a body
ZHUANQUANDENG.C(90): error C141: syntax error near 'void'
目标未创建
Build target '目标 1'
assembling STARTUP.A51...
compiling zhuanquandeng.c...
ZHUANQUANDENG.C(9): error C141: syntax error near '['
ZHUANQUANDENG.C(82): error C237: 'Timer0Init': function already has a body
ZHUANQUANDENG.C(90): error C141: syntax error near 'void'
目标未创建
Build target '目标 1'
assembling STARTUP.A51...
compiling zhuanquandeng.c...
ZHUANQUANDENG.C(9): error C141: syntax error near '['
ZHUANQUANDENG.C(82): error C237: 'Timer0Init': function already has a body
ZHUANQUANDENG.C(90): error C141: syntax error near 'void'
目标未创建
Build target '目标 1'
assembling STARTUP.A51...
compiling zhuanquandeng.c...
ZHUANQUANDENG.C(9): error C141: syntax error near '['
ZHUANQUANDENG.C(82): error C237: 'Timer0Init': function already has a body
ZHUANQUANDENG.C(90): error C141: syntax error near 'void'
目标未创建
Build target '目标 1'
assembling STARTUP.A51...
compiling zhuanquandeng.c...
ZHUANQUANDENG.C(9): error C141: syntax error near '['
ZHUANQUANDENG.C(82): error C237: 'Timer0Init': function already has a body
ZHUANQUANDENG.C(90): error C141: syntax error near 'void'
目标未创建
Build target '目标 1'
assembling STARTUP.A51...
compiling zhuanquandeng.c...
ZHUANQUANDENG.C(9): error C141: syntax error near '['
ZHUANQUANDENG.C(82): error C237: 'Timer0Init': function already has a body
ZHUANQUANDENG.C(90): error C141: syntax error near 'void'
目标未创建
Build target '目标 1'
assembling STARTUP.A51...
compiling zhuanquandeng.c...
ZHUANQUANDENG.C(9): error C141: syntax error near '['
ZHUANQUANDENG.C(82): error C237: 'Timer0Init': function already has a body
ZHUANQUANDENG.C(90): error C141: syntax error near 'void'
目标未创建
Build target '目标 1'
assembling STARTUP.A51...
compiling zhuanquandeng.c...
ZHUANQUANDENG.C(9): error C141: syntax error near '['
ZHUANQUANDENG.C(82): error C237: 'Timer0Init': function already has a body
ZHUANQUANDENG.C(90): error C141: syntax error near 'void'
目标未创建
Build target '目标 1'
assembling STARTUP.A51...
compiling zhuanquandeng.c...
ZHUANQUANDENG.C(82): error C237: 'Timer0Init': function already has a body
ZHUANQUANDENG.C(90): error C141: syntax error near 'void'
目标未创建
Build target '目标 1'
assembling STARTUP.A51...
compiling zhuanquandeng.c...
ZHUANQUANDENG.C(82): error C237: 'Timer0Init': function already has a body
ZHUANQUANDENG.C(93): error C141: syntax error near 'code'
目标未创建
Build target '目标 1'
assembling STARTUP.A51...
compiling zhuanquandeng.c...
ZHUANQUANDENG.C(83): error C237: 'Timer0Init': function already has a body
ZHUANQUANDENG.C(94): error C141: syntax error near 'code'
目标未创建
Build target '目标 1'
assembling STARTUP.A51...
compiling zhuanquandeng.c...
ZHUANQUANDENG.C(83): error C237: 'Timer0Init': function already has a body
目标未创建
Build target '目标 1'
assembling STARTUP.A51...
compiling zhuanquandeng.c...
linking...
*** WARNING L16: UNCALLED SEGMENT, IGNORED FOR OVERLAY PROCESS
    SEGMENT: ?PR?_DELAY10MS?ZHUANQUANDENG
Program Size: data=13.0 xdata=0 code=1458
creating hex file from "zhuanquandeng"...
"zhuanquandeng" - 0 Error(s), 1 Warning(s).
Build target '目标 1'
assembling STARTUP.A51...
compiling zhuanquandeng.c...
linking...
*** WARNING L16: UNCALLED SEGMENT, IGNORED FOR OVERLAY PROCESS
    SEGMENT: ?PR?_DELAY10MS?ZHUANQUANDENG
Program Size: data=13.0 xdata=0 code=1458
creating hex file from "zhuanquandeng"...
"zhuanquandeng" - 0 Error(s), 1 Warning(s).
Build target '目标 1'
assembling STARTUP.A51...
compiling zhuanquandeng.c...
linking...
Program Size: data=11.0 xdata=0 code=1437
creating hex file from "zhuanquandeng"...
"zhuanquandeng" - 0 Error(s), 0 Warning(s).
Build target '目标 1'
assembling STARTUP.A51...
compiling zhuanquandeng.c...
ZHUANQUANDENG.C(28): error C242: 'array[]': too many initializers
目标未创建
Build target '目标 1'
assembling STARTUP.A51...
compiling zhuanquandeng.c...
linking...
Program Size: data=11.0 xdata=0 code=1437
creating hex file from "zhuanquandeng"...
"zhuanquandeng" - 0 Error(s), 0 Warning(s).
Build target '目标 1'
assembling STARTUP.A51...
compiling zhuanquandeng.c...
linking...
Program Size: data=11.0 xdata=0 code=1437
creating hex file from "zhuanquandeng"...
"zhuanquandeng" - 0 Error(s), 0 Warning(s).
Build target '目标 1'
assembling STARTUP.A51...
compiling zhuanquandeng.c...
linking...
Program Size: data=13.0 xdata=0 code=1474
creating hex file from "zhuanquandeng"...
"zhuanquandeng" - 0 Error(s), 0 Warning(s).
Build target '目标 1'
assembling STARTUP.A51...
compiling zhuanquandeng.c...
linking...
Program Size: data=13.0 xdata=0 code=1474
creating hex file from "zhuanquandeng"...
"zhuanquandeng" - 0 Error(s), 0 Warning(s).
Build target '目标 1'
assembling STARTUP.A51...
compiling zhuanquandeng.c...
linking...
Program Size: data=13.0 xdata=0 code=1474
creating hex file from "zhuanquandeng"...
"zhuanquandeng" - 0 Error(s), 0 Warning(s).
Build target '目标 1'
assembling STARTUP.A51...
compiling zhuanquandeng.c...
linking...
Program Size: data=12.0 xdata=0 code=789
creating hex file from "zhuanquandeng"...
"zhuanquandeng" - 0 Error(s), 0 Warning(s).
Build target '目标 1'
assembling STARTUP.A51...
compiling zhuanquandeng.c...
linking...
Program Size: data=13.0 xdata=0 code=822
creating hex file from "zhuanquandeng"...
"zhuanquandeng" - 0 Error(s), 0 Warning(s).
Build target '目标 1'
assembling STARTUP.A51...
compiling zhuanquandeng.c...
linking...
Program Size: data=13.0 xdata=0 code=816
creating hex file from "zhuanquandeng"...
"zhuanquandeng" - 0 Error(s), 0 Warning(s).
Build target '目标 1'
assembling STARTUP.A51...
compiling zhuanquandeng.c...
linking...
Program Size: data=13.0 xdata=0 code=648
creating hex file from "zhuanquandeng"...
"zhuanquandeng" - 0 Error(s), 0 Warning(s).
Build target '目标 1'
assembling STARTUP.A51...
compiling zhuanquandeng.c...
linking...
Program Size: data=13.0 xdata=0 code=648
creating hex file from "zhuanquandeng"...
"zhuanquandeng" - 0 Error(s), 0 Warning(s).
